mode: set
1337b0rd/internal/governor/interceptor/backup_service.go:17.64,19.16 2 0
1337b0rd/internal/governor/interceptor/backup_service.go:19.16,21.3 1 0
1337b0rd/internal/governor/interceptor/backup_service.go:22.2,24.30 3 0
1337b0rd/internal/governor/interceptor/backup_service.go:24.30,29.3 1 0
1337b0rd/internal/governor/interceptor/backup_service.go:30.2,31.16 2 0
1337b0rd/internal/governor/interceptor/backup_service.go:31.16,33.3 1 0
1337b0rd/internal/governor/interceptor/backup_service.go:34.2,34.12 1 0
1337b0rd/internal/governor/interceptor/backup_service.go:37.64,39.30 2 0
1337b0rd/internal/governor/interceptor/backup_service.go:39.30,41.3 1 0
1337b0rd/internal/governor/interceptor/backup_service.go:42.2,42.22 1 0
1337b0rd/internal/governor/interceptor/backup_service.go:45.44,47.2 1 0
1337b0rd/internal/governor/interceptor/backup_service.go:49.49,51.2 1 0
1337b0rd/internal/governor/interceptor/common.go:17.92,23.2 1 0
1337b0rd/internal/governor/interceptor/fetch_cache_avatar.go:23.91,25.16 2 0
1337b0rd/internal/governor/interceptor/fetch_cache_avatar.go:25.16,26.45 1 0
1337b0rd/internal/governor/interceptor/fetch_cache_avatar.go:26.45,29.4 2 0
1337b0rd/internal/governor/interceptor/fetch_cache_avatar.go:32.2,33.44 2 0
1337b0rd/internal/governor/interceptor/fetch_cache_avatar.go:33.44,36.17 3 0
1337b0rd/internal/governor/interceptor/fetch_cache_avatar.go:36.17,38.4 1 0
1337b0rd/internal/governor/interceptor/fetch_cache_avatar.go:40.3,40.46 1 0
1337b0rd/internal/governor/interceptor/fetch_cache_avatar.go:40.46,47.4 1 0
1337b0rd/internal/governor/interceptor/fetch_cache_avatar.go:48.3,49.17 2 0
1337b0rd/internal/governor/interceptor/fetch_cache_avatar.go:49.17,52.4 2 0
1337b0rd/internal/governor/interceptor/fetch_cache_avatar.go:53.3,54.17 2 0
1337b0rd/internal/governor/interceptor/fetch_cache_avatar.go:54.17,58.4 2 0
1337b0rd/internal/governor/interceptor/fetch_cache_avatar.go:59.3,59.13 1 0
1337b0rd/internal/governor/interceptor/fetch_cache_avatar.go:62.2,63.25 2 0
1337b0rd/internal/governor/interceptor/fetch_cache_avatar.go:63.25,70.3 1 0
1337b0rd/internal/governor/interceptor/fetch_cache_avatar.go:72.2,73.16 2 0
1337b0rd/internal/governor/interceptor/fetch_cache_avatar.go:73.16,76.3 2 0
1337b0rd/internal/governor/interceptor/fetch_cache_avatar.go:78.2,78.12 1 0
1337b0rd/internal/governor/interceptor/fetch_cache_avatar.go:81.55,83.31 2 0
1337b0rd/internal/governor/interceptor/fetch_cache_avatar.go:83.31,85.3 1 0
1337b0rd/internal/governor/interceptor/fetch_cache_avatar.go:87.2,87.16 1 0
1337b0rd/internal/governor/interceptor/fetch_cache_avatar.go:90.35,92.2 1 0
1337b0rd/internal/governor/interceptor/fetch_cache_avatar.go:94.39,96.2 1 0
1337b0rd/internal/governor/interceptor/fetch_cache_avatar.go:98.35,100.2 1 0
1337b0rd/internal/governor/interceptor/fetch_cache_avatar.go:102.30,104.2 1 0
1337b0rd/internal/governor/interceptor/fetch_cache_avatar.go:106.58,108.30 2 0
1337b0rd/internal/governor/interceptor/fetch_cache_avatar.go:108.30,110.3 1 0
1337b0rd/internal/governor/interceptor/fetch_cache_avatar.go:111.2,111.19 1 0
1337b0rd/internal/governor/interceptor/fetch_cache_avatar.go:114.39,116.2 1 0
1337b0rd/internal/governor/interceptor/fetch_cache_avatar.go:118.44,120.2 1 0
1337b0rd/internal/governor/interceptor/fetch_cache_avatar.go:122.45,124.2 1 0
1337b0rd/internal/governor/interceptor/fetch_cache_avatar.go:126.44,128.2 1 0
1337b0rd/internal/governor/interceptor/getInRedis.go:19.94,21.16 2 0
1337b0rd/internal/governor/interceptor/getInRedis.go:21.16,23.3 1 0
1337b0rd/internal/governor/interceptor/getInRedis.go:24.2,26.25 3 0
1337b0rd/internal/governor/interceptor/getInRedis.go:26.25,33.3 1 0
1337b0rd/internal/governor/interceptor/getInRedis.go:34.2,34.21 1 0
1337b0rd/internal/governor/interceptor/getInRedis.go:37.56,39.33 2 0
1337b0rd/internal/governor/interceptor/getInRedis.go:39.33,41.3 1 0
1337b0rd/internal/governor/interceptor/getInRedis.go:42.2,42.16 1 0
1337b0rd/internal/governor/interceptor/getInRedis.go:45.38,47.2 1 0
1337b0rd/internal/governor/interceptor/getInRedis.go:48.33,50.2 1 0
1337b0rd/internal/governor/interceptor/getInRedis.go:51.42,53.2 1 0
1337b0rd/internal/governor/interceptor/getInRedis.go:54.38,56.2 1 0
1337b0rd/internal/governor/interceptor/middleware_governor.go:18.90,20.16 2 0
1337b0rd/internal/governor/interceptor/middleware_governor.go:20.16,22.3 1 0
1337b0rd/internal/governor/interceptor/middleware_governor.go:23.2,24.16 2 0
1337b0rd/internal/governor/interceptor/middleware_governor.go:24.16,26.3 1 0
1337b0rd/internal/governor/interceptor/middleware_governor.go:27.2,33.28 2 0
1337b0rd/internal/governor/interceptor/middleware_governor.go:36.59,39.16 3 0
1337b0rd/internal/governor/interceptor/middleware_governor.go:39.16,41.3 1 0
1337b0rd/internal/governor/interceptor/middleware_governor.go:42.2,54.24 5 0
1337b0rd/internal/governor/interceptor/middleware_governor.go:54.24,56.3 1 0
1337b0rd/internal/governor/interceptor/middleware_governor.go:57.2,57.25 1 0
1337b0rd/internal/governor/interceptor/middleware_governor.go:57.25,59.3 1 0
1337b0rd/internal/governor/interceptor/middleware_governor.go:61.2,61.23 1 0
1337b0rd/internal/governor/interceptor/middleware_governor.go:64.34,66.2 1 0
1337b0rd/internal/governor/interceptor/middleware_governor.go:67.43,69.2 1 0
1337b0rd/internal/governor/interceptor/middleware_governor.go:70.39,72.2 1 0
1337b0rd/internal/governor/interceptor/middleware_governor.go:74.44,76.2 1 0
1337b0rd/cmd/main.go:25.13,32.16 5 0
1337b0rd/cmd/main.go:32.16,34.3 1 0
1337b0rd/cmd/main.go:35.2,48.103 6 0
1337b0rd/cmd/main.go:48.103,52.7 4 0
1337b0rd/cmd/main.go:52.7,53.11 1 0
1337b0rd/cmd/main.go:54.22,55.11 1 0
1337b0rd/cmd/main.go:56.20,58.19 2 0
1337b0rd/cmd/main.go:58.19,62.6 3 0
1337b0rd/cmd/main.go:63.5,63.53 1 0
1337b0rd/cmd/main.go:70.2,76.16 5 0
1337b0rd/cmd/main.go:76.16,78.3 1 0
1337b0rd/cmd/main.go:82.2,83.131 2 0
1337b0rd/cmd/main.go:83.131,85.17 2 0
1337b0rd/cmd/main.go:85.17,87.4 1 0
1337b0rd/cmd/main.go:89.3,90.12 2 0
1337b0rd/cmd/main.go:95.2,104.16 4 0
1337b0rd/cmd/main.go:104.16,107.3 2 0
1337b0rd/cmd/main.go:111.2,114.41 3 0
1337b0rd/cmd/main.go:114.41,118.17 4 0
1337b0rd/cmd/main.go:118.17,120.4 1 0
1337b0rd/cmd/main.go:122.3,122.15 1 0
1337b0rd/cmd/main.go:127.2,131.57 3 0
1337b0rd/internal/config/api.go:13.32,22.2 2 0
1337b0rd/internal/config/basic.go:10.26,17.2 1 0
1337b0rd/internal/config/minio.go:14.37,23.2 1 0
1337b0rd/internal/config/postgres.go:16.43,27.2 4 0
1337b0rd/internal/config/redis.go:10.36,17.2 2 0
1337b0rd/internal/governor/common.go:19.22,24.2 1 0
1337b0rd/internal/governor/common.go:32.3,36.2 2 0
1337b0rd/internal/config/api.go:13.32,22.2 2 0
1337b0rd/internal/config/basic.go:10.26,17.2 1 0
1337b0rd/internal/config/minio.go:14.37,23.2 1 0
1337b0rd/internal/config/postgres.go:16.43,27.2 4 0
1337b0rd/internal/config/redis.go:10.36,17.2 2 0
1337b0rd/internal/governor/interceptor/backup_service.go:17.64,19.16 2 0
1337b0rd/internal/governor/interceptor/backup_service.go:19.16,21.3 1 0
1337b0rd/internal/governor/interceptor/backup_service.go:22.2,24.30 3 0
1337b0rd/internal/governor/interceptor/backup_service.go:24.30,29.3 1 0
1337b0rd/internal/governor/interceptor/backup_service.go:30.2,31.16 2 0
1337b0rd/internal/governor/interceptor/backup_service.go:31.16,33.3 1 0
1337b0rd/internal/governor/interceptor/backup_service.go:34.2,34.12 1 0
1337b0rd/internal/governor/interceptor/backup_service.go:37.64,39.30 2 0
1337b0rd/internal/governor/interceptor/backup_service.go:39.30,41.3 1 0
1337b0rd/internal/governor/interceptor/backup_service.go:42.2,42.22 1 0
1337b0rd/internal/governor/interceptor/backup_service.go:45.44,47.2 1 0
1337b0rd/internal/governor/interceptor/backup_service.go:49.49,51.2 1 0
1337b0rd/internal/governor/interceptor/common.go:17.92,23.2 1 0
1337b0rd/internal/governor/interceptor/fetch_cache_avatar.go:23.91,25.16 2 0
1337b0rd/internal/governor/interceptor/fetch_cache_avatar.go:25.16,26.45 1 0
1337b0rd/internal/governor/interceptor/fetch_cache_avatar.go:26.45,29.4 2 0
1337b0rd/internal/governor/interceptor/fetch_cache_avatar.go:32.2,33.44 2 0
1337b0rd/internal/governor/interceptor/fetch_cache_avatar.go:33.44,36.17 3 0
1337b0rd/internal/governor/interceptor/fetch_cache_avatar.go:36.17,38.4 1 0
1337b0rd/internal/governor/interceptor/fetch_cache_avatar.go:40.3,40.46 1 0
1337b0rd/internal/governor/interceptor/fetch_cache_avatar.go:40.46,47.4 1 0
1337b0rd/internal/governor/interceptor/fetch_cache_avatar.go:48.3,49.17 2 0
1337b0rd/internal/governor/interceptor/fetch_cache_avatar.go:49.17,52.4 2 0
1337b0rd/internal/governor/interceptor/fetch_cache_avatar.go:53.3,54.17 2 0
1337b0rd/internal/governor/interceptor/fetch_cache_avatar.go:54.17,58.4 2 0
1337b0rd/internal/governor/interceptor/fetch_cache_avatar.go:59.3,59.13 1 0
1337b0rd/internal/governor/interceptor/fetch_cache_avatar.go:62.2,63.25 2 0
1337b0rd/internal/governor/interceptor/fetch_cache_avatar.go:63.25,70.3 1 0
1337b0rd/internal/governor/interceptor/fetch_cache_avatar.go:72.2,73.16 2 0
1337b0rd/internal/governor/interceptor/fetch_cache_avatar.go:73.16,76.3 2 0
1337b0rd/internal/governor/interceptor/fetch_cache_avatar.go:78.2,78.12 1 0
1337b0rd/internal/governor/interceptor/fetch_cache_avatar.go:81.55,83.31 2 0
1337b0rd/internal/governor/interceptor/fetch_cache_avatar.go:83.31,85.3 1 0
1337b0rd/internal/governor/interceptor/fetch_cache_avatar.go:87.2,87.16 1 0
1337b0rd/internal/governor/interceptor/fetch_cache_avatar.go:90.35,92.2 1 0
1337b0rd/internal/governor/interceptor/fetch_cache_avatar.go:94.39,96.2 1 0
1337b0rd/internal/governor/interceptor/fetch_cache_avatar.go:98.35,100.2 1 0
1337b0rd/internal/governor/interceptor/fetch_cache_avatar.go:102.30,104.2 1 0
1337b0rd/internal/governor/interceptor/fetch_cache_avatar.go:106.58,108.30 2 0
1337b0rd/internal/governor/interceptor/fetch_cache_avatar.go:108.30,110.3 1 0
1337b0rd/internal/governor/interceptor/fetch_cache_avatar.go:111.2,111.19 1 0
1337b0rd/internal/governor/interceptor/fetch_cache_avatar.go:114.39,116.2 1 0
1337b0rd/internal/governor/interceptor/fetch_cache_avatar.go:118.44,120.2 1 0
1337b0rd/internal/governor/interceptor/fetch_cache_avatar.go:122.45,124.2 1 0
1337b0rd/internal/governor/interceptor/fetch_cache_avatar.go:126.44,128.2 1 0
1337b0rd/internal/governor/interceptor/getInRedis.go:19.94,21.16 2 0
1337b0rd/internal/governor/interceptor/getInRedis.go:21.16,23.3 1 0
1337b0rd/internal/governor/interceptor/getInRedis.go:24.2,26.25 3 0
1337b0rd/internal/governor/interceptor/getInRedis.go:26.25,33.3 1 0
1337b0rd/internal/governor/interceptor/getInRedis.go:34.2,34.21 1 0
1337b0rd/internal/governor/interceptor/getInRedis.go:37.56,39.33 2 0
1337b0rd/internal/governor/interceptor/getInRedis.go:39.33,41.3 1 0
1337b0rd/internal/governor/interceptor/getInRedis.go:42.2,42.16 1 0
1337b0rd/internal/governor/interceptor/getInRedis.go:45.38,47.2 1 0
1337b0rd/internal/governor/interceptor/getInRedis.go:48.33,50.2 1 0
1337b0rd/internal/governor/interceptor/getInRedis.go:51.42,53.2 1 0
1337b0rd/internal/governor/interceptor/getInRedis.go:54.38,56.2 1 0
1337b0rd/internal/governor/interceptor/middleware_governor.go:18.90,20.16 2 0
1337b0rd/internal/governor/interceptor/middleware_governor.go:20.16,22.3 1 0
1337b0rd/internal/governor/interceptor/middleware_governor.go:23.2,24.16 2 0
1337b0rd/internal/governor/interceptor/middleware_governor.go:24.16,26.3 1 0
1337b0rd/internal/governor/interceptor/middleware_governor.go:27.2,33.28 2 0
1337b0rd/internal/governor/interceptor/middleware_governor.go:36.59,39.16 3 0
1337b0rd/internal/governor/interceptor/middleware_governor.go:39.16,41.3 1 0
1337b0rd/internal/governor/interceptor/middleware_governor.go:42.2,54.24 5 0
1337b0rd/internal/governor/interceptor/middleware_governor.go:54.24,56.3 1 0
1337b0rd/internal/governor/interceptor/middleware_governor.go:57.2,57.25 1 0
1337b0rd/internal/governor/interceptor/middleware_governor.go:57.25,59.3 1 0
1337b0rd/internal/governor/interceptor/middleware_governor.go:61.2,61.23 1 0
1337b0rd/internal/governor/interceptor/middleware_governor.go:64.34,66.2 1 0
1337b0rd/internal/governor/interceptor/middleware_governor.go:67.43,69.2 1 0
1337b0rd/internal/governor/interceptor/middleware_governor.go:70.39,72.2 1 0
1337b0rd/internal/governor/interceptor/middleware_governor.go:74.44,76.2 1 0
1337b0rd/internal/governor/posts/get_archive_posts.go:21.104,23.16 2 1
1337b0rd/internal/governor/posts/get_archive_posts.go:23.16,25.3 1 1
1337b0rd/internal/governor/posts/get_archive_posts.go:26.2,28.35 3 1
1337b0rd/internal/governor/posts/get_archive_posts.go:28.35,36.3 1 1
1337b0rd/internal/governor/posts/get_archive_posts.go:38.2,38.25 1 1
1337b0rd/internal/governor/posts/get_archive_posts.go:41.76,43.38 2 1
1337b0rd/internal/governor/posts/get_archive_posts.go:43.38,45.3 1 1
1337b0rd/internal/governor/posts/get_archive_posts.go:46.2,46.17 1 1
1337b0rd/internal/governor/posts/get_archive_posts.go:49.42,51.2 1 1
1337b0rd/internal/governor/posts/get_archive_posts.go:53.44,55.2 1 0
1337b0rd/internal/governor/posts/get_archive_posts.go:57.50,59.2 1 0
1337b0rd/internal/governor/posts/get_archive_posts.go:61.51,63.2 1 0
1337b0rd/internal/governor/posts/get_archive_posts.go:65.50,67.2 1 0
1337b0rd/internal/governor/posts/get_one_archive_post.go:51.144,55.16 4 0
1337b0rd/internal/governor/posts/get_one_archive_post.go:55.16,58.3 2 0
1337b0rd/internal/governor/posts/get_one_archive_post.go:59.2,62.32 4 0
1337b0rd/internal/governor/posts/get_one_archive_post.go:62.32,67.3 1 0
1337b0rd/internal/governor/posts/get_one_archive_post.go:68.2,72.36 2 0
1337b0rd/internal/governor/posts/get_one_archive_post.go:75.70,90.2 4 0
1337b0rd/internal/governor/posts/get_one_archive_post.go:92.87,106.2 2 0
1337b0rd/internal/governor/posts/get_one_archive_post.go:108.89,110.33 2 0
1337b0rd/internal/governor/posts/get_one_archive_post.go:110.33,123.3 1 0
1337b0rd/internal/governor/posts/get_one_archive_post.go:124.2,124.31 1 0
1337b0rd/internal/governor/posts/get_one_archive_post.go:126.45,126.71 1 0
1337b0rd/internal/governor/posts/get_one_archive_post.go:128.73,128.94 1 0
1337b0rd/internal/governor/posts/get_one_archive_post.go:130.72,132.31 2 0
1337b0rd/internal/governor/posts/get_one_archive_post.go:132.31,134.3 1 0
1337b0rd/internal/governor/posts/get_one_archive_post.go:135.2,135.12 1 0
1337b0rd/internal/governor/posts/get_one_archive_post.go:138.55,138.73 1 0
1337b0rd/internal/governor/posts/get_one_archive_post.go:139.55,139.79 1 0
1337b0rd/internal/governor/posts/get_one_archive_post.go:140.55,140.80 1 0
1337b0rd/internal/governor/posts/get_one_archive_post.go:141.55,141.76 1 0
1337b0rd/internal/governor/posts/get_one_archive_post.go:142.82,144.2 1 0
1337b0rd/internal/governor/posts/get_one_archive_post.go:146.58,146.75 1 0
1337b0rd/internal/governor/posts/get_one_archive_post.go:147.58,147.79 1 0
1337b0rd/internal/governor/posts/get_one_archive_post.go:148.58,148.80 1 0
1337b0rd/internal/governor/posts/get_one_archive_post.go:150.67,150.87 1 0
1337b0rd/internal/governor/posts/get_one_archive_post.go:151.71,153.31 2 0
1337b0rd/internal/governor/posts/get_one_archive_post.go:153.31,155.3 1 0
1337b0rd/internal/governor/posts/get_one_archive_post.go:157.2,157.12 1 0
1337b0rd/internal/governor/posts/get_one_archive_post.go:160.77,160.99 1 0
1337b0rd/internal/governor/posts/get_one_archive_post.go:161.77,161.96 1 0
1337b0rd/internal/governor/posts/get_one_archive_post.go:162.77,162.97 1 0
1337b0rd/internal/governor/posts/get_one_archive_post.go:163.77,163.104 1 0
1337b0rd/internal/governor/posts/get_one_archive_post.go:164.77,164.105 1 0
1337b0rd/internal/governor/posts/get_one_archive_post.go:165.77,165.101 1 0
1337b0rd/internal/governor/posts/get_one_archive_post.go:167.58,167.75 1 0
1337b0rd/internal/governor/posts/get_one_archive_post.go:168.58,168.79 1 0
1337b0rd/internal/governor/posts/get_one_archive_post.go:169.58,169.79 1 0
1337b0rd/internal/governor/posts/get_post.go:17.62,17.83 1 0
1337b0rd/internal/governor/posts/get_post.go:18.61,20.31 2 0
1337b0rd/internal/governor/posts/get_post.go:20.31,22.3 1 0
1337b0rd/internal/governor/posts/get_post.go:23.2,23.15 1 0
1337b0rd/internal/governor/posts/get_post.go:26.56,26.74 1 0
1337b0rd/internal/governor/posts/get_post.go:27.56,27.76 1 0
1337b0rd/internal/governor/posts/get_post.go:28.56,28.77 1 0
1337b0rd/internal/governor/posts/get_post.go:29.56,29.77 1 0
1337b0rd/internal/governor/posts/get_post.go:30.56,30.80 1 0
1337b0rd/internal/governor/posts/get_post.go:32.43,32.60 1 0
1337b0rd/internal/governor/posts/get_post.go:33.43,33.64 1 0
1337b0rd/internal/governor/posts/get_post.go:34.43,34.65 1 0
1337b0rd/internal/governor/posts/get_post.go:36.53,36.80 1 0
1337b0rd/internal/governor/posts/get_post.go:37.57,39.38 2 0
1337b0rd/internal/governor/posts/get_post.go:39.38,41.3 1 0
1337b0rd/internal/governor/posts/get_post.go:42.2,42.15 1 0
1337b0rd/internal/governor/posts/get_post.go:45.52,45.74 1 0
1337b0rd/internal/governor/posts/get_post.go:46.52,46.71 1 0
1337b0rd/internal/governor/posts/get_post.go:47.52,47.72 1 0
1337b0rd/internal/governor/posts/get_post.go:48.52,48.79 1 0
1337b0rd/internal/governor/posts/get_post.go:49.52,49.77 1 0
1337b0rd/internal/governor/posts/get_post.go:50.52,50.76 1 0
1337b0rd/internal/governor/posts/get_post.go:82.116,87.16 3 0
1337b0rd/internal/governor/posts/get_post.go:87.16,90.3 2 0
1337b0rd/internal/governor/posts/get_post.go:92.2,95.33 4 0
1337b0rd/internal/governor/posts/get_post.go:95.33,102.3 3 0
1337b0rd/internal/governor/posts/get_post.go:104.2,109.32 2 0
1337b0rd/internal/governor/posts/get_post.go:112.38,114.2 1 0
1337b0rd/internal/governor/posts/get_post.go:116.60,131.2 4 0
1337b0rd/internal/governor/posts/get_post.go:133.77,146.2 2 0
1337b0rd/internal/governor/posts/get_post.go:148.81,150.40 2 0
1337b0rd/internal/governor/posts/get_post.go:150.40,162.3 1 0
1337b0rd/internal/governor/posts/get_post.go:163.2,163.20 1 0
1337b0rd/internal/governor/posts/get_posts.go:12.90,15.16 3 1
1337b0rd/internal/governor/posts/get_posts.go:15.16,18.3 2 0
1337b0rd/internal/governor/posts/get_posts.go:19.2,20.29 2 1
1337b0rd/internal/governor/posts/get_posts.go:20.29,28.3 1 1
1337b0rd/internal/governor/posts/get_posts.go:30.2,32.20 3 1
1337b0rd/internal/governor/posts/get_posts.go:46.56,48.28 2 1
1337b0rd/internal/governor/posts/get_posts.go:48.28,50.3 1 1
1337b0rd/internal/governor/posts/get_posts.go:51.2,51.12 1 1
1337b0rd/internal/governor/posts/get_posts.go:54.36,56.2 1 1
1337b0rd/internal/governor/posts/get_posts.go:58.38,60.2 1 0
1337b0rd/internal/governor/posts/get_posts.go:62.44,64.2 1 0
1337b0rd/internal/governor/posts/get_posts.go:66.45,68.2 1 0
1337b0rd/internal/governor/posts/get_posts.go:70.44,72.2 1 0
1337b0rd/internal/governor/posts/new_comment.go:30.122,41.19 6 0
1337b0rd/internal/governor/posts/new_comment.go:41.19,43.17 2 0
1337b0rd/internal/governor/posts/new_comment.go:43.17,45.4 1 0
1337b0rd/internal/governor/posts/new_comment.go:46.3,47.39 2 0
1337b0rd/internal/governor/posts/new_comment.go:49.2,51.16 3 0
1337b0rd/internal/governor/posts/new_comment.go:51.16,53.3 1 0
1337b0rd/internal/governor/posts/new_comment.go:54.2,55.27 2 0
1337b0rd/internal/governor/posts/new_comment.go:55.27,57.17 2 0
1337b0rd/internal/governor/posts/new_comment.go:57.17,59.4 1 0
1337b0rd/internal/governor/posts/new_comment.go:62.2,72.16 3 0
1337b0rd/internal/governor/posts/new_comment.go:72.16,74.3 1 0
1337b0rd/internal/governor/posts/new_comment.go:75.2,75.19 1 0
1337b0rd/internal/governor/posts/new_comment.go:75.19,84.17 3 0
1337b0rd/internal/governor/posts/new_comment.go:84.17,86.18 2 0
1337b0rd/internal/governor/posts/new_comment.go:86.18,88.5 1 0
1337b0rd/internal/governor/posts/new_comment.go:89.4,90.19 2 0
1337b0rd/internal/governor/posts/new_comment.go:93.2,94.16 2 0
1337b0rd/internal/governor/posts/new_comment.go:94.16,96.3 1 0
1337b0rd/internal/governor/posts/new_comment.go:97.2,97.17 1 0
1337b0rd/internal/governor/posts/new_comment.go:100.56,100.79 1 0
1337b0rd/internal/governor/posts/new_comment.go:101.56,101.79 1 0
1337b0rd/internal/governor/posts/new_comment.go:102.56,102.80 1 0
1337b0rd/internal/governor/posts/new_comment.go:103.56,103.79 1 0
1337b0rd/internal/governor/posts/new_comment.go:104.56,104.75 1 0
1337b0rd/internal/governor/posts/new_comment.go:106.46,106.69 1 0
1337b0rd/internal/governor/posts/new_comment.go:107.46,107.73 1 0
1337b0rd/internal/governor/posts/new_comment.go:108.46,108.65 1 0
1337b0rd/internal/governor/posts/new_comment.go:109.46,109.74 1 0
1337b0rd/internal/governor/posts/new_comment.go:110.46,110.66 1 0
1337b0rd/internal/governor/posts/new_comment.go:111.46,111.74 1 0
1337b0rd/internal/governor/posts/new_comment.go:112.46,112.68 1 0
1337b0rd/internal/governor/posts/new_post.go:37.34,39.2 1 0
1337b0rd/internal/governor/posts/new_post.go:41.40,43.2 1 0
1337b0rd/internal/governor/posts/new_post.go:45.41,47.2 1 0
1337b0rd/internal/governor/posts/new_post.go:49.44,51.2 1 0
1337b0rd/internal/governor/posts/new_post.go:53.39,55.2 1 0
1337b0rd/internal/governor/posts/new_post.go:57.58,59.2 1 0
1337b0rd/internal/governor/posts/new_post.go:61.45,63.2 1 0
1337b0rd/internal/governor/posts/new_post.go:65.45,67.2 1 0
1337b0rd/internal/governor/posts/new_post.go:69.44,71.2 1 0
1337b0rd/internal/governor/posts/new_post.go:73.46,75.2 1 0
1337b0rd/internal/governor/posts/new_post.go:77.51,79.2 1 0
1337b0rd/internal/governor/posts/new_post.go:85.117,91.16 6 0
1337b0rd/internal/governor/posts/new_post.go:91.16,93.3 1 0
1337b0rd/internal/governor/posts/new_post.go:93.8,93.23 1 0
1337b0rd/internal/governor/posts/new_post.go:93.23,95.3 1 0
1337b0rd/internal/governor/posts/new_post.go:96.2,104.15 4 0
1337b0rd/internal/governor/posts/new_post.go:104.15,107.17 2 0
1337b0rd/internal/governor/posts/new_post.go:107.17,109.4 1 0
1337b0rd/internal/governor/posts/new_post.go:110.3,111.42 2 0
1337b0rd/internal/governor/posts/new_post.go:113.2,123.16 3 0
1337b0rd/internal/governor/posts/new_post.go:123.16,126.3 2 0
1337b0rd/internal/governor/posts/new_post.go:127.2,127.15 1 0
1337b0rd/internal/governor/posts/new_post.go:127.15,135.25 2 0
1337b0rd/internal/governor/posts/new_post.go:135.25,137.4 1 0
1337b0rd/internal/governor/posts/new_post.go:139.3,140.17 2 0
1337b0rd/internal/governor/posts/new_post.go:140.17,143.18 3 0
1337b0rd/internal/governor/posts/new_post.go:143.18,145.5 1 0
1337b0rd/internal/governor/posts/new_post.go:146.4,146.19 1 0
1337b0rd/internal/governor/posts/new_post.go:149.2,150.16 2 0
1337b0rd/internal/governor/posts/new_post.go:150.16,152.3 1 0
1337b0rd/internal/governor/posts/new_post.go:154.2,154.22 1 0
1337b0rd/internal/governor/posts/new_post.go:157.43,159.2 1 0
1337b0rd/internal/governor/posts/post.go:19.91,26.2 1 0
1337b0rd/internal/rick_morty_rest/common.go:6.38,8.2 1 0
1337b0rd/internal/rick_morty_rest/parse_json.go:19.73,21.16 2 0
1337b0rd/internal/rick_morty_rest/parse_json.go:21.16,24.3 2 0
1337b0rd/internal/rick_morty_rest/parse_json.go:25.2,28.16 4 0
1337b0rd/internal/rick_morty_rest/parse_json.go:28.16,31.3 2 0
1337b0rd/internal/rick_morty_rest/parse_json.go:32.2,32.19 1 0
1337b0rd/internal/rick_morty_rest/parse_json.go:34.64,36.31 2 0
1337b0rd/internal/rick_morty_rest/parse_json.go:36.31,38.3 1 0
1337b0rd/internal/rick_morty_rest/parse_json.go:39.2,39.17 1 0
1337b0rd/internal/rick_morty_rest/parse_json.go:41.38,43.2 1 0
1337b0rd/internal/rick_morty_rest/parse_json.go:44.39,46.2 1 0
1337b0rd/internal/rick_morty_rest/parse_json.go:47.33,49.2 1 0
1337b0rd/internal/postgres/common.go:16.79,18.16 2 0
1337b0rd/internal/postgres/common.go:18.16,20.3 1 0
1337b0rd/internal/postgres/common.go:22.2,24.8 1 0
1337b0rd/internal/postgres/common.go:27.58,33.16 3 0
1337b0rd/internal/postgres/common.go:33.16,35.3 1 0
1337b0rd/internal/postgres/common.go:36.2,36.16 1 0
1337b0rd/internal/minio_storage/common.go:19.78,25.2 2 0
1337b0rd/internal/minio_storage/common.go:27.75,34.16 3 0
1337b0rd/internal/minio_storage/common.go:34.16,37.3 2 0
1337b0rd/internal/minio_storage/common.go:38.2,38.15 1 0
1337b0rd/internal/minio_storage/upload_image.go:31.89,40.16 3 0
1337b0rd/internal/minio_storage/upload_image.go:40.16,42.33 2 0
1337b0rd/internal/minio_storage/upload_image.go:42.33,44.4 1 0
1337b0rd/internal/minio_storage/upload_image.go:44.9,46.4 1 0
1337b0rd/internal/minio_storage/upload_image.go:48.2,51.16 2 0
1337b0rd/internal/minio_storage/upload_image.go:51.16,53.3 1 0
1337b0rd/internal/minio_storage/upload_image.go:54.2,67.16 3 0
1337b0rd/internal/minio_storage/upload_image.go:67.16,69.3 1 0
1337b0rd/internal/minio_storage/upload_image.go:70.2,70.12 1 0
1337b0rd/internal/minio_storage/upload_image.go:73.49,78.40 4 0
1337b0rd/internal/minio_storage/upload_image.go:78.40,80.17 2 0
1337b0rd/internal/minio_storage/upload_image.go:80.17,82.4 1 0
1337b0rd/internal/minio_storage/upload_image.go:83.3,83.45 1 0
1337b0rd/internal/minio_storage/upload_image.go:86.2,86.24 1 0
1337b0rd/internal/minio_storage/upload_image.go:89.45,91.2 1 0
1337b0rd/internal/minio_storage/upload_image.go:93.110,96.16 3 0
1337b0rd/internal/minio_storage/upload_image.go:96.16,98.3 1 0
1337b0rd/internal/minio_storage/upload_image.go:99.2,104.8 2 0
1337b0rd/internal/minio_storage/upload_image.go:107.45,109.2 1 0
1337b0rd/internal/minio_storage/upload_image.go:111.50,113.2 1 0
1337b0rd/internal/postgres/model/main.go:19.10,24.2 1 0
1337b0rd/internal/postgres/model/leetboard/createComment.go:14.117,34.16 11 0
1337b0rd/internal/postgres/model/leetboard/createComment.go:34.16,37.3 2 0
1337b0rd/internal/postgres/model/leetboard/createComment.go:38.2,51.16 5 0
1337b0rd/internal/postgres/model/leetboard/createComment.go:51.16,54.3 2 0
1337b0rd/internal/postgres/model/leetboard/createComment.go:55.2,55.22 1 0
1337b0rd/internal/postgres/model/leetboard/createComment.go:55.22,62.17 2 0
1337b0rd/internal/postgres/model/leetboard/createComment.go:62.17,65.4 2 0
1337b0rd/internal/postgres/model/leetboard/createComment.go:67.2,76.35 4 0
1337b0rd/internal/postgres/model/leetboard/createComment.go:76.35,88.17 4 0
1337b0rd/internal/postgres/model/leetboard/createComment.go:88.17,91.4 2 0
1337b0rd/internal/postgres/model/leetboard/createComment.go:92.8,92.23 1 0
1337b0rd/internal/postgres/model/leetboard/createComment.go:92.23,95.3 2 0
1337b0rd/internal/postgres/model/leetboard/createComment.go:97.2,103.16 2 0
1337b0rd/internal/postgres/model/leetboard/createComment.go:103.16,106.3 2 0
1337b0rd/internal/postgres/model/leetboard/createComment.go:107.2,110.16 3 0
1337b0rd/internal/postgres/model/leetboard/createComment.go:117.53,118.7 1 0
1337b0rd/internal/postgres/model/leetboard/createComment.go:118.7,120.17 2 0
1337b0rd/internal/postgres/model/leetboard/createComment.go:120.17,122.4 1 0
1337b0rd/internal/postgres/model/leetboard/createComment.go:123.8,125.17 2 0
1337b0rd/internal/postgres/model/leetboard/createComment.go:125.17,127.4 1 0
1337b0rd/internal/postgres/model/leetboard/createComment.go:129.2,129.12 1 0
1337b0rd/internal/postgres/model/leetboard/createPost.go:13.107,29.16 9 0
1337b0rd/internal/postgres/model/leetboard/createPost.go:29.16,31.3 1 0
1337b0rd/internal/postgres/model/leetboard/createPost.go:32.2,46.16 5 0
1337b0rd/internal/postgres/model/leetboard/createPost.go:46.16,48.3 1 0
1337b0rd/internal/postgres/model/leetboard/createPost.go:51.2,62.35 4 0
1337b0rd/internal/postgres/model/leetboard/createPost.go:62.35,74.17 4 0
1337b0rd/internal/postgres/model/leetboard/createPost.go:74.17,76.4 1 0
1337b0rd/internal/postgres/model/leetboard/createPost.go:78.8,79.28 1 0
1337b0rd/internal/postgres/model/leetboard/createPost.go:79.28,87.18 3 0
1337b0rd/internal/postgres/model/leetboard/createPost.go:87.18,89.5 1 0
1337b0rd/internal/postgres/model/leetboard/createPost.go:93.2,99.16 2 0
1337b0rd/internal/postgres/model/leetboard/createPost.go:99.16,101.3 1 0
1337b0rd/internal/postgres/model/leetboard/createPost.go:102.2,106.16 4 0
1337b0rd/internal/postgres/model/leetboard/createPost.go:114.52,116.2 1 0
1337b0rd/internal/postgres/model/leetboard/createPost.go:118.53,119.7 1 0
1337b0rd/internal/postgres/model/leetboard/createPost.go:119.7,121.17 2 0
1337b0rd/internal/postgres/model/leetboard/createPost.go:121.17,123.4 1 0
1337b0rd/internal/postgres/model/leetboard/createPost.go:124.8,126.17 2 0
1337b0rd/internal/postgres/model/leetboard/createPost.go:126.17,128.4 1 0
1337b0rd/internal/postgres/model/leetboard/createPost.go:130.2,130.12 1 0
1337b0rd/internal/postgres/model/leetboard/getArchiveComments.go:34.124,37.16 3 0
1337b0rd/internal/postgres/model/leetboard/getArchiveComments.go:37.16,39.3 1 0
1337b0rd/internal/postgres/model/leetboard/getArchiveComments.go:40.2,67.16 2 0
1337b0rd/internal/postgres/model/leetboard/getArchiveComments.go:67.16,69.3 1 0
1337b0rd/internal/postgres/model/leetboard/getArchiveComments.go:70.2,73.18 3 0
1337b0rd/internal/postgres/model/leetboard/getArchiveComments.go:73.18,86.17 8 0
1337b0rd/internal/postgres/model/leetboard/getArchiveComments.go:86.17,88.4 1 0
1337b0rd/internal/postgres/model/leetboard/getArchiveComments.go:90.3,90.41 1 0
1337b0rd/internal/postgres/model/leetboard/getArchiveComments.go:90.41,105.4 1 0
1337b0rd/internal/postgres/model/leetboard/getArchiveComments.go:107.3,107.19 1 0
1337b0rd/internal/postgres/model/leetboard/getArchiveComments.go:107.19,120.4 1 0
1337b0rd/internal/postgres/model/leetboard/getArchiveComments.go:123.2,124.31 2 0
1337b0rd/internal/postgres/model/leetboard/getArchiveComments.go:124.31,126.3 1 0
1337b0rd/internal/postgres/model/leetboard/getArchiveComments.go:128.2,131.8 1 0
1337b0rd/internal/postgres/model/leetboard/getArchiveComments.go:134.74,136.39 2 0
1337b0rd/internal/postgres/model/leetboard/getArchiveComments.go:136.39,138.3 1 0
1337b0rd/internal/postgres/model/leetboard/getArchiveComments.go:139.2,139.17 1 0
1337b0rd/internal/postgres/model/leetboard/getArchiveComments.go:142.69,144.2 1 0
1337b0rd/internal/postgres/model/leetboard/getArchiveComments.go:146.73,148.28 2 0
1337b0rd/internal/postgres/model/leetboard/getArchiveComments.go:148.28,150.3 1 0
1337b0rd/internal/postgres/model/leetboard/getArchiveComments.go:151.2,151.15 1 0
1337b0rd/internal/postgres/model/leetboard/getArchiveComments.go:154.79,154.94 1 0
1337b0rd/internal/postgres/model/leetboard/getArchiveComments.go:155.79,155.98 1 0
1337b0rd/internal/postgres/model/leetboard/getArchiveComments.go:156.79,156.99 1 0
1337b0rd/internal/postgres/model/leetboard/getArchiveComments.go:157.79,157.97 1 0
1337b0rd/internal/postgres/model/leetboard/getArchiveComments.go:158.79,158.96 1 0
1337b0rd/internal/postgres/model/leetboard/getArchiveComments.go:159.79,159.99 1 0
1337b0rd/internal/postgres/model/leetboard/getArchiveComments.go:161.57,161.80 1 0
1337b0rd/internal/postgres/model/leetboard/getArchiveComments.go:162.57,162.84 1 0
1337b0rd/internal/postgres/model/leetboard/getArchiveComments.go:163.57,163.85 1 0
1337b0rd/internal/postgres/model/leetboard/getArchiveOnePost.go:25.76,61.16 4 0
1337b0rd/internal/postgres/model/leetboard/getArchiveOnePost.go:61.16,63.3 1 0
1337b0rd/internal/postgres/model/leetboard/getArchiveOnePost.go:64.2,64.26 1 0
1337b0rd/internal/postgres/model/leetboard/getArchiveOnePost.go:64.26,66.3 1 0
1337b0rd/internal/postgres/model/leetboard/getArchiveOnePost.go:67.2,67.16 1 0
1337b0rd/internal/postgres/model/leetboard/getArchiveOnePost.go:69.76,69.94 1 0
1337b0rd/internal/postgres/model/leetboard/getArchiveOnePost.go:70.76,70.101 1 0
1337b0rd/internal/postgres/model/leetboard/getArchiveOnePost.go:71.76,71.103 1 0
1337b0rd/internal/postgres/model/leetboard/getArchiveOnePost.go:72.76,72.104 1 0
1337b0rd/internal/postgres/model/leetboard/getArchiveOnePost.go:73.76,73.100 1 0
1337b0rd/internal/postgres/model/leetboard/getArchiveOnePost.go:74.76,74.96 1 0
1337b0rd/internal/postgres/model/leetboard/getArchiveOnePost.go:76.54,76.77 1 0
1337b0rd/internal/postgres/model/leetboard/getArchiveOnePost.go:77.54,77.81 1 0
1337b0rd/internal/postgres/model/leetboard/getArchiveOnePost.go:78.54,78.82 1 0
1337b0rd/internal/postgres/model/leetboard/getArchivePosts.go:23.98,42.16 2 0
1337b0rd/internal/postgres/model/leetboard/getArchivePosts.go:42.16,45.3 2 0
1337b0rd/internal/postgres/model/leetboard/getArchivePosts.go:46.2,49.18 3 0
1337b0rd/internal/postgres/model/leetboard/getArchivePosts.go:49.18,59.17 3 0
1337b0rd/internal/postgres/model/leetboard/getArchivePosts.go:59.17,61.4 1 0
1337b0rd/internal/postgres/model/leetboard/getArchivePosts.go:62.3,62.31 1 0
1337b0rd/internal/postgres/model/leetboard/getArchivePosts.go:65.2,65.45 1 0
1337b0rd/internal/postgres/model/leetboard/getArchivePosts.go:68.75,70.33 2 0
1337b0rd/internal/postgres/model/leetboard/getArchivePosts.go:70.33,72.3 1 0
1337b0rd/internal/postgres/model/leetboard/getArchivePosts.go:73.2,73.17 1 0
1337b0rd/internal/postgres/model/leetboard/getArchivePosts.go:76.43,78.2 1 0
1337b0rd/internal/postgres/model/leetboard/getArchivePosts.go:80.45,82.2 1 0
1337b0rd/internal/postgres/model/leetboard/getArchivePosts.go:84.51,86.2 1 0
1337b0rd/internal/postgres/model/leetboard/getArchivePosts.go:88.52,90.2 1 0
1337b0rd/internal/postgres/model/leetboard/getArchivePosts.go:92.51,94.2 1 0
1337b0rd/internal/postgres/model/leetboard/getComments.go:34.103,37.16 3 0
1337b0rd/internal/postgres/model/leetboard/getComments.go:37.16,39.3 1 0
1337b0rd/internal/postgres/model/leetboard/getComments.go:40.2,67.16 2 0
1337b0rd/internal/postgres/model/leetboard/getComments.go:67.16,69.3 1 0
1337b0rd/internal/postgres/model/leetboard/getComments.go:70.2,73.18 3 0
1337b0rd/internal/postgres/model/leetboard/getComments.go:73.18,86.17 8 0
1337b0rd/internal/postgres/model/leetboard/getComments.go:86.17,88.4 1 0
1337b0rd/internal/postgres/model/leetboard/getComments.go:90.3,90.41 1 0
1337b0rd/internal/postgres/model/leetboard/getComments.go:90.41,105.4 1 0
1337b0rd/internal/postgres/model/leetboard/getComments.go:107.3,107.19 1 0
1337b0rd/internal/postgres/model/leetboard/getComments.go:107.19,120.4 1 0
1337b0rd/internal/postgres/model/leetboard/getComments.go:123.2,124.31 2 0
1337b0rd/internal/postgres/model/leetboard/getComments.go:124.31,126.3 1 0
1337b0rd/internal/postgres/model/leetboard/getComments.go:128.2,131.8 1 0
1337b0rd/internal/postgres/model/leetboard/getComments.go:134.60,136.39 2 0
1337b0rd/internal/postgres/model/leetboard/getComments.go:136.39,138.3 1 0
1337b0rd/internal/postgres/model/leetboard/getComments.go:139.2,139.17 1 0
1337b0rd/internal/postgres/model/leetboard/getComments.go:142.55,144.2 1 0
1337b0rd/internal/postgres/model/leetboard/getComments.go:146.59,148.28 2 0
1337b0rd/internal/postgres/model/leetboard/getComments.go:148.28,150.3 1 0
1337b0rd/internal/postgres/model/leetboard/getComments.go:151.2,151.15 1 0
1337b0rd/internal/postgres/model/leetboard/getComments.go:154.65,154.80 1 0
1337b0rd/internal/postgres/model/leetboard/getComments.go:155.65,155.84 1 0
1337b0rd/internal/postgres/model/leetboard/getComments.go:156.65,156.85 1 0
1337b0rd/internal/postgres/model/leetboard/getComments.go:157.65,157.83 1 0
1337b0rd/internal/postgres/model/leetboard/getComments.go:158.65,158.82 1 0
1337b0rd/internal/postgres/model/leetboard/getComments.go:159.65,159.85 1 0
1337b0rd/internal/postgres/model/leetboard/getComments.go:161.50,161.73 1 0
1337b0rd/internal/postgres/model/leetboard/getComments.go:162.50,162.77 1 0
1337b0rd/internal/postgres/model/leetboard/getComments.go:163.50,163.78 1 0
1337b0rd/internal/postgres/model/leetboard/getOnePost.go:25.62,61.16 4 0
1337b0rd/internal/postgres/model/leetboard/getOnePost.go:61.16,63.3 1 0
1337b0rd/internal/postgres/model/leetboard/getOnePost.go:64.2,64.26 1 0
1337b0rd/internal/postgres/model/leetboard/getOnePost.go:64.26,66.3 1 0
1337b0rd/internal/postgres/model/leetboard/getOnePost.go:67.2,67.16 1 0
1337b0rd/internal/postgres/model/leetboard/getOnePost.go:69.62,69.80 1 0
1337b0rd/internal/postgres/model/leetboard/getOnePost.go:70.62,70.87 1 0
1337b0rd/internal/postgres/model/leetboard/getOnePost.go:71.62,71.89 1 0
1337b0rd/internal/postgres/model/leetboard/getOnePost.go:72.62,72.90 1 0
1337b0rd/internal/postgres/model/leetboard/getOnePost.go:73.62,73.86 1 0
1337b0rd/internal/postgres/model/leetboard/getOnePost.go:74.62,74.82 1 0
1337b0rd/internal/postgres/model/leetboard/getOnePost.go:76.47,76.70 1 0
1337b0rd/internal/postgres/model/leetboard/getOnePost.go:77.47,77.74 1 0
1337b0rd/internal/postgres/model/leetboard/getOnePost.go:78.47,78.75 1 0
1337b0rd/internal/postgres/model/leetboard/getPosts.go:24.84,45.16 3 0
1337b0rd/internal/postgres/model/leetboard/getPosts.go:45.16,48.3 2 0
1337b0rd/internal/postgres/model/leetboard/getPosts.go:49.2,52.18 3 0
1337b0rd/internal/postgres/model/leetboard/getPosts.go:52.18,62.17 3 0
1337b0rd/internal/postgres/model/leetboard/getPosts.go:62.17,64.4 1 0
1337b0rd/internal/postgres/model/leetboard/getPosts.go:65.3,65.31 1 0
1337b0rd/internal/postgres/model/leetboard/getPosts.go:67.2,68.38 2 0
1337b0rd/internal/postgres/model/leetboard/getPosts.go:71.54,73.33 2 0
1337b0rd/internal/postgres/model/leetboard/getPosts.go:73.33,75.3 1 0
1337b0rd/internal/postgres/model/leetboard/getPosts.go:76.2,76.17 1 0
1337b0rd/internal/postgres/model/leetboard/getPosts.go:79.36,81.2 1 0
1337b0rd/internal/postgres/model/leetboard/getPosts.go:83.38,85.2 1 0
1337b0rd/internal/postgres/model/leetboard/getPosts.go:87.44,89.2 1 0
1337b0rd/internal/postgres/model/leetboard/getPosts.go:91.45,93.2 1 0
1337b0rd/internal/postgres/model/leetboard/getPosts.go:95.44,97.2 1 0
1337b0rd/internal/postgres/model/leetboard/main.go:16.14,21.2 1 0
1337b0rd/internal/postgres/model/leetboard/tx.go:8.48,10.14 2 0
1337b0rd/internal/postgres/model/leetboard/tx.go:10.14,12.17 2 0
1337b0rd/internal/postgres/model/leetboard/tx.go:12.17,14.4 1 0
1337b0rd/internal/postgres/model/leetboard/tx.go:16.8,16.28 1 0
1337b0rd/internal/postgres/model/leetboard/tx.go:16.28,18.17 2 0
1337b0rd/internal/postgres/model/leetboard/tx.go:18.17,20.4 1 0
1337b0rd/internal/postgres/model/leetboard/tx.go:22.2,22.12 1 0
1337b0rd/internal/postgres/model/auth/getCharacters.go:21.89,30.16 3 0
1337b0rd/internal/postgres/model/auth/getCharacters.go:30.16,32.3 1 0
1337b0rd/internal/postgres/model/auth/getCharacters.go:33.2,34.17 2 0
1337b0rd/internal/postgres/model/auth/getCharacters.go:34.17,42.17 3 0
1337b0rd/internal/postgres/model/auth/getCharacters.go:42.17,44.4 1 0
1337b0rd/internal/postgres/model/auth/getCharacters.go:45.3,45.30 1 0
1337b0rd/internal/postgres/model/auth/getCharacters.go:47.2,47.21 1 0
1337b0rd/internal/postgres/model/auth/getCharacters.go:47.21,49.3 1 0
1337b0rd/internal/postgres/model/auth/getCharacters.go:50.2,50.47 1 0
1337b0rd/internal/postgres/model/auth/getCharacters.go:53.65,55.33 2 0
1337b0rd/internal/postgres/model/auth/getCharacters.go:55.33,57.3 1 0
1337b0rd/internal/postgres/model/auth/getCharacters.go:58.2,58.10 1 0
1337b0rd/internal/postgres/model/auth/getCharacters.go:61.51,61.75 1 0
1337b0rd/internal/postgres/model/auth/getCharacters.go:62.51,62.77 1 0
1337b0rd/internal/postgres/model/auth/getCharacters.go:63.51,63.78 1 0
1337b0rd/internal/postgres/model/auth/getCharacters.go:64.51,64.79 1 0
1337b0rd/internal/postgres/model/auth/insertCharacters.go:10.95,13.29 3 0
1337b0rd/internal/postgres/model/auth/insertCharacters.go:13.29,18.13 5 0
1337b0rd/internal/postgres/model/auth/insertCharacters.go:18.13,20.4 1 0
1337b0rd/internal/postgres/model/auth/insertCharacters.go:20.9,24.4 3 0
1337b0rd/internal/postgres/model/auth/insertCharacters.go:27.2,31.16 2 0
1337b0rd/internal/postgres/model/auth/insertCharacters.go:31.16,33.3 1 0
1337b0rd/internal/postgres/model/auth/insertCharacters.go:35.2,35.12 1 0
1337b0rd/internal/postgres/model/auth/main.go:16.9,21.2 1 0
1337b0rd/internal/postgres/model/auth/setCharacters.go:10.90,13.29 3 0
1337b0rd/internal/postgres/model/auth/setCharacters.go:13.29,14.13 1 0
1337b0rd/internal/postgres/model/auth/setCharacters.go:14.13,16.4 1 0
1337b0rd/internal/postgres/model/auth/setCharacters.go:16.9,20.4 3 0
1337b0rd/internal/postgres/model/auth/setCharacters.go:22.2,29.16 3 0
1337b0rd/internal/postgres/model/auth/setCharacters.go:29.16,31.3 1 0
1337b0rd/internal/postgres/model/auth/setCharacters.go:33.2,33.12 1 0
1337b0rd/internal/rest/common.go:25.65,35.2 4 0
1337b0rd/internal/rest/common.go:37.120,39.16 2 0
1337b0rd/internal/rest/common.go:39.16,42.3 2 0
1337b0rd/internal/rest/common.go:43.2,50.41 4 0
1337b0rd/internal/rest/common.go:50.41,51.77 1 0
1337b0rd/internal/rest/common.go:51.77,54.4 2 0
1337b0rd/internal/rest/common.go:57.2,58.42 2 0
1337b0rd/internal/rest/common.go:58.42,61.3 2 0
1337b0rd/internal/rest/common.go:61.8,63.3 1 0
1337b0rd/internal/rest/common.go:65.2,65.12 1 0
1337b0rd/internal/redis/common.go:19.95,27.2 1 0
1337b0rd/internal/redis/get_redis.go:12.88,17.6 3 0
1337b0rd/internal/redis/get_redis.go:17.6,19.17 2 0
1337b0rd/internal/redis/get_redis.go:19.17,21.4 1 0
1337b0rd/internal/redis/get_redis.go:23.3,23.26 1 0
1337b0rd/internal/redis/get_redis.go:23.26,25.18 2 0
1337b0rd/internal/redis/get_redis.go:25.18,27.5 1 0
1337b0rd/internal/redis/get_redis.go:29.4,29.21 1 0
1337b0rd/internal/redis/get_redis.go:29.21,31.19 2 0
1337b0rd/internal/redis/get_redis.go:31.19,33.6 1 0
1337b0rd/internal/redis/get_redis.go:35.5,36.19 2 0
1337b0rd/internal/redis/get_redis.go:36.19,38.6 1 0
1337b0rd/internal/redis/get_redis.go:40.5,41.19 2 0
1337b0rd/internal/redis/get_redis.go:41.19,43.6 1 0
1337b0rd/internal/redis/get_redis.go:45.5,51.24 2 0
1337b0rd/internal/redis/get_redis.go:55.3,55.22 1 0
1337b0rd/internal/redis/get_redis.go:55.22,56.9 1 0
1337b0rd/internal/redis/get_redis.go:58.3,58.22 1 0
1337b0rd/internal/redis/get_redis.go:61.2,61.57 1 0
1337b0rd/internal/redis/get_redis.go:61.57,63.3 1 0
1337b0rd/internal/redis/get_redis.go:65.2,65.32 1 0
1337b0rd/internal/redis/get_redis.go:68.81,70.6 2 0
1337b0rd/internal/redis/get_redis.go:70.6,72.17 2 0
1337b0rd/internal/redis/get_redis.go:72.17,74.4 1 0
1337b0rd/internal/redis/get_redis.go:75.3,75.26 1 0
1337b0rd/internal/redis/get_redis.go:75.26,77.18 2 0
1337b0rd/internal/redis/get_redis.go:77.18,79.5 1 0
1337b0rd/internal/redis/get_redis.go:81.3,81.22 1 0
1337b0rd/internal/redis/get_redis.go:81.22,82.9 1 0
1337b0rd/internal/redis/get_redis.go:84.3,84.22 1 0
1337b0rd/internal/redis/get_redis.go:86.2,86.12 1 0
1337b0rd/internal/redis/get_redis.go:89.40,91.2 1 0
1337b0rd/internal/redis/set_tedis.go:22.92,24.41 2 0
1337b0rd/internal/redis/set_tedis.go:24.41,31.3 1 0
1337b0rd/internal/redis/set_tedis.go:33.2,33.32 1 0
1337b0rd/internal/redis/set_tedis.go:33.32,40.17 3 0
1337b0rd/internal/redis/set_tedis.go:40.17,42.4 1 0
1337b0rd/internal/redis/set_tedis.go:44.2,44.12 1 0
1337b0rd/internal/redis/set_tedis.go:47.86,51.6 3 0
1337b0rd/internal/redis/set_tedis.go:51.6,53.17 2 0
1337b0rd/internal/redis/set_tedis.go:53.17,56.4 1 0
1337b0rd/internal/redis/set_tedis.go:57.3,57.26 1 0
1337b0rd/internal/redis/set_tedis.go:57.26,59.18 2 0
1337b0rd/internal/redis/set_tedis.go:59.18,62.5 1 0
1337b0rd/internal/redis/set_tedis.go:63.4,64.18 2 0
1337b0rd/internal/redis/set_tedis.go:64.18,66.5 1 0
1337b0rd/internal/redis/set_tedis.go:67.4,68.18 2 0
1337b0rd/internal/redis/set_tedis.go:68.18,70.5 1 0
1337b0rd/internal/redis/set_tedis.go:71.4,76.6 1 0
1337b0rd/internal/redis/set_tedis.go:79.3,79.22 1 0
1337b0rd/internal/redis/set_tedis.go:79.22,80.9 1 0
1337b0rd/internal/redis/set_tedis.go:82.3,82.22 1 0
1337b0rd/internal/redis/set_tedis.go:85.2,85.42 1 0
1337b0rd/internal/redis/set_tedis.go:88.30,90.2 1 0
1337b0rd/internal/redis/set_tedis.go:91.35,93.2 1 0
1337b0rd/internal/redis/set_tedis.go:94.39,96.2 1 0
1337b0rd/internal/redis/set_tedis.go:97.35,99.2 1 0
1337b0rd/internal/redis/set_tedis.go:100.52,102.41 2 0
1337b0rd/internal/redis/set_tedis.go:102.41,104.3 1 0
1337b0rd/internal/redis/set_tedis.go:105.2,105.19 1 0
1337b0rd/internal/rest/handler/common.go:12.47,16.2 1 0
1337b0rd/internal/rest/middleware/auth.go:19.70,20.71 1 0
1337b0rd/internal/rest/middleware/auth.go:20.71,22.16 2 0
1337b0rd/internal/rest/middleware/auth.go:22.16,23.36 1 0
1337b0rd/internal/rest/middleware/auth.go:23.36,32.5 2 0
1337b0rd/internal/rest/middleware/auth.go:34.3,36.39 3 0
1337b0rd/internal/rest/middleware/auth.go:36.39,38.18 2 0
1337b0rd/internal/rest/middleware/auth.go:38.18,41.5 2 0
1337b0rd/internal/rest/middleware/auth.go:42.4,85.10 13 0
1337b0rd/internal/rest/middleware/auth.go:88.3,91.23 3 0
1337b0rd/internal/rest/middleware/common.go:11.50,15.2 1 0
1337b0rd/internal/rest/middleware/context.go:9.75,11.2 1 0
1337b0rd/internal/rest/handler/leetbord/common.go:16.52,18.2 1 0
1337b0rd/internal/rest/handler/leetbord/common.go:26.51,29.16 2 0
1337b0rd/internal/rest/handler/leetbord/common.go:29.16,31.3 1 0
1337b0rd/internal/rest/handler/leetbord/common.go:32.2,34.16 2 0
1337b0rd/internal/rest/handler/leetbord/common.go:34.16,35.42 1 0
1337b0rd/internal/rest/handler/leetbord/common.go:35.42,41.4 1 0
1337b0rd/internal/rest/handler/leetbord/common.go:41.9,43.4 1 0
1337b0rd/internal/rest/handler/leetbord/common.go:47.2,48.63 2 0
1337b0rd/internal/rest/handler/leetbord/common.go:48.63,50.3 1 0
1337b0rd/internal/rest/handler/leetbord/common.go:51.2,55.8 1 0
1337b0rd/internal/rest/handler/leetbord/common.go:64.56,66.16 2 0
1337b0rd/internal/rest/handler/leetbord/common.go:66.16,68.3 1 0
1337b0rd/internal/rest/handler/leetbord/common.go:69.2,70.16 2 0
1337b0rd/internal/rest/handler/leetbord/common.go:70.16,72.3 1 0
1337b0rd/internal/rest/handler/leetbord/common.go:73.2,74.16 2 0
1337b0rd/internal/rest/handler/leetbord/common.go:74.16,76.3 1 0
1337b0rd/internal/rest/handler/leetbord/common.go:77.2,81.8 1 0
1337b0rd/internal/rest/handler/leetbord/error.go:12.71,19.16 5 0
1337b0rd/internal/rest/handler/leetbord/error.go:19.16,21.3 1 0
1337b0rd/internal/rest/handler/leetbord/get_archive_post_id.go:48.81,55.16 7 0
1337b0rd/internal/rest/handler/leetbord/get_archive_post_id.go:55.16,58.3 2 0
1337b0rd/internal/rest/handler/leetbord/get_archive_post_id.go:59.2,65.16 4 0
1337b0rd/internal/rest/handler/leetbord/get_archive_post_id.go:65.16,69.3 3 0
1337b0rd/internal/rest/handler/leetbord/get_archive_post_id.go:70.2,75.29 6 0
1337b0rd/internal/rest/handler/leetbord/get_archive_post_id.go:75.29,82.3 3 0
1337b0rd/internal/rest/handler/leetbord/get_archive_post_id.go:83.2,85.16 3 0
1337b0rd/internal/rest/handler/leetbord/get_archive_post_id.go:85.16,89.3 3 0
1337b0rd/internal/rest/handler/leetbord/get_archive_post_id.go:92.40,94.2 1 0
1337b0rd/internal/rest/handler/leetbord/get_archive_post_id.go:96.73,111.2 4 0
1337b0rd/internal/rest/handler/leetbord/get_archive_post_id.go:113.85,126.2 2 0
1337b0rd/internal/rest/handler/leetbord/get_archive_post_id.go:128.90,130.32 2 0
1337b0rd/internal/rest/handler/leetbord/get_archive_post_id.go:130.32,143.3 1 0
1337b0rd/internal/rest/handler/leetbord/get_archive_post_id.go:144.2,144.19 1 0
1337b0rd/internal/rest/handler/leetbord/get_archive_posts.go:25.75,29.16 4 0
1337b0rd/internal/rest/handler/leetbord/get_archive_posts.go:29.16,32.3 2 0
1337b0rd/internal/rest/handler/leetbord/get_archive_posts.go:33.2,36.42 2 0
1337b0rd/internal/rest/handler/leetbord/get_archive_posts.go:36.42,44.3 1 0
1337b0rd/internal/rest/handler/leetbord/get_archive_posts.go:45.2,48.16 3 0
1337b0rd/internal/rest/handler/leetbord/get_archive_posts.go:48.16,52.3 3 0
1337b0rd/internal/rest/handler/leetbord/get_create_post.go:17.78,24.16 5 0
1337b0rd/internal/rest/handler/leetbord/get_create_post.go:24.16,28.3 3 0
1337b0rd/internal/rest/handler/leetbord/get_create_post.go:29.2,29.33 1 0
1337b0rd/internal/rest/handler/leetbord/get_post_id.go:50.74,56.16 6 0
1337b0rd/internal/rest/handler/leetbord/get_post_id.go:56.16,60.3 3 0
1337b0rd/internal/rest/handler/leetbord/get_post_id.go:61.2,64.16 4 0
1337b0rd/internal/rest/handler/leetbord/get_post_id.go:64.16,68.3 3 0
1337b0rd/internal/rest/handler/leetbord/get_post_id.go:69.2,71.39 3 0
1337b0rd/internal/rest/handler/leetbord/get_post_id.go:71.39,78.3 3 0
1337b0rd/internal/rest/handler/leetbord/get_post_id.go:79.2,85.16 3 0
1337b0rd/internal/rest/handler/leetbord/get_post_id.go:85.16,89.3 3 0
1337b0rd/internal/rest/handler/leetbord/get_post_id.go:92.33,94.2 1 0
1337b0rd/internal/rest/handler/leetbord/get_post_id.go:96.62,112.2 4 0
1337b0rd/internal/rest/handler/leetbord/get_post_id.go:114.64,127.2 2 0
1337b0rd/internal/rest/handler/leetbord/get_post_id.go:129.67,131.28 2 0
1337b0rd/internal/rest/handler/leetbord/get_post_id.go:131.28,143.3 1 0
1337b0rd/internal/rest/handler/leetbord/get_post_id.go:144.2,144.19 1 0
1337b0rd/internal/rest/handler/leetbord/get_posts.go:13.73,20.16 7 0
1337b0rd/internal/rest/handler/leetbord/get_posts.go:20.16,24.3 3 0
1337b0rd/internal/rest/handler/leetbord/get_posts.go:25.2,25.35 1 0
1337b0rd/internal/rest/handler/leetbord/get_posts.go:25.35,33.3 1 0
1337b0rd/internal/rest/handler/leetbord/get_posts.go:34.2,36.16 3 0
1337b0rd/internal/rest/handler/leetbord/get_posts.go:36.16,40.3 3 0
1337b0rd/internal/rest/handler/leetbord/new_comment.go:27.75,37.16 10 0
1337b0rd/internal/rest/handler/leetbord/new_comment.go:37.16,41.3 3 0
1337b0rd/internal/rest/handler/leetbord/new_comment.go:42.2,43.16 2 0
1337b0rd/internal/rest/handler/leetbord/new_comment.go:43.16,47.3 3 0
1337b0rd/internal/rest/handler/leetbord/new_comment.go:49.2,63.16 3 0
1337b0rd/internal/rest/handler/leetbord/new_comment.go:63.16,67.3 3 0
1337b0rd/internal/rest/handler/leetbord/new_comment.go:68.2,68.75 1 0
1337b0rd/internal/rest/handler/leetbord/new_comment.go:70.71,70.90 1 0
1337b0rd/internal/rest/handler/leetbord/new_comment.go:71.71,71.98 1 0
1337b0rd/internal/rest/handler/leetbord/new_comment.go:72.71,72.88 1 0
1337b0rd/internal/rest/handler/leetbord/new_comment.go:73.71,73.99 1 0
1337b0rd/internal/rest/handler/leetbord/new_comment.go:74.71,74.93 1 0
1337b0rd/internal/rest/handler/leetbord/new_comment.go:75.71,75.91 1 0
1337b0rd/internal/rest/handler/leetbord/new_comment.go:76.71,76.90 1 0
1337b0rd/internal/rest/handler/leetbord/new_comment.go:77.71,77.90 1 0
1337b0rd/internal/rest/handler/leetbord/new_comment.go:78.71,78.94 1 0
1337b0rd/internal/rest/handler/leetbord/new_comment.go:79.71,79.95 1 0
1337b0rd/internal/rest/handler/leetbord/post_method_create_post.go:28.85,37.16 7 0
1337b0rd/internal/rest/handler/leetbord/post_method_create_post.go:37.16,41.3 3 0
1337b0rd/internal/rest/handler/leetbord/post_method_create_post.go:42.2,43.16 2 0
1337b0rd/internal/rest/handler/leetbord/post_method_create_post.go:43.16,47.3 3 0
1337b0rd/internal/rest/handler/leetbord/post_method_create_post.go:49.2,62.19 2 0
1337b0rd/internal/rest/handler/leetbord/post_method_create_post.go:62.19,65.3 2 0
1337b0rd/internal/rest/handler/leetbord/post_method_create_post.go:66.2,67.16 2 0
1337b0rd/internal/rest/handler/leetbord/post_method_create_post.go:67.16,71.3 3 0
1337b0rd/internal/rest/handler/leetbord/post_method_create_post.go:72.2,72.36 1 0
1337b0rd/internal/rest/handler/leetbord/post_method_create_post.go:72.36,81.3 2 0
1337b0rd/internal/rest/handler/leetbord/post_method_create_post.go:82.2,83.43 2 0
1337b0rd/internal/rest/handler/leetbord/post_method_create_post.go:86.47,86.65 1 0
1337b0rd/internal/rest/handler/leetbord/post_method_create_post.go:87.47,87.67 1 0
1337b0rd/internal/rest/handler/leetbord/post_method_create_post.go:88.47,88.68 1 0
1337b0rd/internal/rest/handler/leetbord/post_method_create_post.go:89.47,89.75 1 0
1337b0rd/internal/rest/handler/leetbord/post_method_create_post.go:90.47,90.71 1 0
1337b0rd/internal/rest/handler/leetbord/post_method_create_post.go:91.47,91.74 1 0
1337b0rd/internal/rest/handler/leetbord/post_method_create_post.go:92.47,92.66 1 0
1337b0rd/internal/rest/handler/leetbord/post_method_create_post.go:93.47,93.70 1 0
1337b0rd/internal/rest/handler/leetbord/post_method_create_post.go:94.47,94.71 1 0
1337b0rd/internal/rest/handler/leetbord/post_method_create_post.go:96.50,98.2 1 0
1337b0rd/internal/rest/router/common.go:19.67,26.2 2 0
1337b0rd/internal/rest/router/common.go:28.58,32.2 3 0
1337b0rd/internal/rest/router/posts.go:9.25,17.2 7 0
1337b0rd/internal/rest/router/posts.go:19.26,22.2 2 0
1337b0rd/internal/rick_morty_rest/common.go:6.38,8.2 1 0
1337b0rd/internal/rick_morty_rest/parse_json.go:19.73,21.16 2 0
1337b0rd/internal/rick_morty_rest/parse_json.go:21.16,24.3 2 0
1337b0rd/internal/rick_morty_rest/parse_json.go:25.2,28.16 4 0
1337b0rd/internal/rick_morty_rest/parse_json.go:28.16,31.3 2 0
1337b0rd/internal/rick_morty_rest/parse_json.go:32.2,32.19 1 0
1337b0rd/internal/rick_morty_rest/parse_json.go:34.64,36.31 2 0
1337b0rd/internal/rick_morty_rest/parse_json.go:36.31,38.3 1 0
1337b0rd/internal/rick_morty_rest/parse_json.go:39.2,39.17 1 0
1337b0rd/internal/rick_morty_rest/parse_json.go:41.38,43.2 1 0
1337b0rd/internal/rick_morty_rest/parse_json.go:44.39,46.2 1 0
1337b0rd/internal/rick_morty_rest/parse_json.go:47.33,49.2 1 0
